<?xml version="1.0" encoding="UTF-8" ?>
<testsuite tests="1" failures="0" name="pi.hello.AppTest" time="0.017" errors="0" skipped="0">
  <properties>
    <property name="java.runtime.name" value="Java(TM) SE Runtime Environment"/>
    <property name="java.vm.version" value="11.0.2+9-LTS"/>
    <property name="sun.boot.library.path" value="C:\Program Files\Java\jdk-11.0.2\bin"/>
    <property name="java.vm.vendor" value="Oracle Corporation"/>
    <property name="java.vendor.url" value="http://java.oracle.com/"/>
    <property name="path.separator" value=";"/>
    <property name="java.vm.name" value="Java HotSpot(TM) 64-Bit Server VM"/>
    <property name="sun.os.patch.level" value=""/>
    <property name="user.script" value=""/>
    <property name="user.country" value="PL"/>
    <property name="sun.java.launcher" value="SUN_STANDARD"/>
    <property name="java.vm.specification.name" value="Java Virtual Machine Specification"/>
    <property name="user.dir" value="C:\projects\java\hello"/>
    <property name="java.vm.compressedOopsMode" value="32-bit"/>
    <property name="java.runtime.version" value="11.0.2+9-LTS"/>
    <property name="java.awt.graphicsenv" value="sun.awt.Win32GraphicsEnvironment"/>
    <property name="basedir" value="C:\projects\java\hello"/>
    <property name="os.arch" value="amd64"/>
    <property name="surefire.real.class.path" value="C:\Users\MARIA_~1\AppData\Local\Temp\surefirebooter8369152322827470501.jar"/>
    <property name="java.io.tmpdir" value="C:\Users\MARIA_~1\AppData\Local\Temp\"/>
    <property name="line.separator" value="
"/>
    <property name="java.vm.specification.vendor" value="Oracle Corporation"/>
    <property name="user.variant" value=""/>
    <property name="os.name" value="Windows 10"/>
    <property name="sun.jnu.encoding" value="Cp1250"/>
    <property name="java.library.path" value="C:\Program Files\Java\jdk-11.0.2\bin;C:\WINDOWS\Sun\Java\bin;C:\WINDOWS\system32;C:\WINDOWS;C:/Program Files/Java/jre1.8.0_201/bin/server;C:/Program Files/Java/jre1.8.0_201/bin;C:/Program Files/Java/jre1.8.0_201/lib/amd64;C:\Program Files (x86)\Common Files\Oracle\Java\javapath;C:\WINDOWS\system32;C:\WINDOWS;C:\WINDOWS\System32\Wbem;C:\WINDOWS\System32\WindowsPowerShell\v1.0\;C:\Program Files\Git\cmd;C:\Program Files\Microsoft SQL Server\130\Tools\Binn\;C:\WINDOWS\System32\OpenSSH\;C:\dev\apache-maven-3.6.1\bin;C:\Program Files\nodejs\;C:\Program Files (x86)\mingw-w64\i686-8.1.0-posix-dwarf-rt_v6-rev0\mingw32\bin;C:\Users\maria_000\AppData\Roaming\npm;C:\Program Files\PuTTY\;C:\eclipse;;."/>
    <property name="surefire.test.class.path" value="C:\projects\java\hello\target\test-classes;C:\projects\java\hello\target\classes;C:\Users\maria_000\.m2\repository\junit\junit\3.8.1\junit-3.8.1.jar;C:\Users\maria_000\.m2\repository\org\slf4j\slf4j-simple\1.7.28\slf4j-simple-1.7.28.jar;C:\Users\maria_000\.m2\repository\org\slf4j\slf4j-api\1.7.28\slf4j-api-1.7.28.jar;C:\Users\maria_000\.m2\repository\com\pi4j\pi4j-core\1.2\pi4j-core-1.2.jar;"/>
    <property name="jdk.debug" value="release"/>
    <property name="java.class.version" value="55.0"/>
    <property name="java.specification.name" value="Java Platform API Specification"/>
    <property name="sun.management.compiler" value="HotSpot 64-Bit Tiered Compilers"/>
    <property name="os.version" value="10.0"/>
    <property name="user.home" value="C:\Users\maria_000"/>
    <property name="user.timezone" value=""/>
    <property name="java.awt.printerjob" value="sun.awt.windows.WPrinterJob"/>
    <property name="file.encoding" value="Cp1250"/>
    <property name="java.specification.version" value="11"/>
    <property name="user.name" value="maria_000"/>
    <property name="java.class.path" value="C:\projects\java\hello\target\test-classes;C:\projects\java\hello\target\classes;C:\Users\maria_000\.m2\repository\junit\junit\3.8.1\junit-3.8.1.jar;C:\Users\maria_000\.m2\repository\org\slf4j\slf4j-simple\1.7.28\slf4j-simple-1.7.28.jar;C:\Users\maria_000\.m2\repository\org\slf4j\slf4j-api\1.7.28\slf4j-api-1.7.28.jar;C:\Users\maria_000\.m2\repository\com\pi4j\pi4j-core\1.2\pi4j-core-1.2.jar;"/>
    <property name="java.vm.specification.version" value="11"/>
    <property name="sun.arch.data.model" value="64"/>
    <property name="sun.java.command" value="C:\Users\MARIA_~1\AppData\Local\Temp\surefirebooter8369152322827470501.jar C:\Users\MARIA_~1\AppData\Local\Temp\surefire7670124577293081475tmp C:\Users\MARIA_~1\AppData\Local\Temp\surefire3198285818493777988tmp"/>
    <property name="java.home" value="C:\Program Files\Java\jdk-11.0.2"/>
    <property name="user.language" value="pl"/>
    <property name="java.specification.vendor" value="Oracle Corporation"/>
    <property name="awt.toolkit" value="sun.awt.windows.WToolkit"/>
    <property name="java.vm.info" value="mixed mode"/>
    <property name="java.version" value="11.0.2"/>
    <property name="java.vendor" value="Oracle Corporation"/>
    <property name="localRepository" value="C:\Users\maria_000\.m2\repository"/>
    <property name="file.separator" value="\"/>
    <property name="java.version.date" value="2019-01-15"/>
    <property name="java.vendor.url.bug" value="http://bugreport.java.com/bugreport/"/>
    <property name="sun.io.unicode.encoding" value="UnicodeLittle"/>
    <property name="sun.cpu.endian" value="little"/>
    <property name="java.vendor.version" value="18.9"/>
    <property name="sun.desktop" value="windows"/>
    <property name="sun.cpu.isalist" value="amd64"/>
  </properties>
  <testcase classname="pi.hello.AppTest" name="testApp" time="0"/>
</testsuite>